<?xml version="1.0" encoding="UTF-8"?>
<!-- Generated by org.testng.reporters.JUnitReportReporter -->
<testsuite hostname="DESKTOP-ULDA8M1" name="basicconcepts.org.Parallel3" tests="3" failures="0" timestamp="15 Nov 2022 12:17:48 GMT" time="0.047" errors="0">
  <testcase name="tc1000" time="0.015" classname="basicconcepts.org.Parallel3"/>
  <testcase name="tc3000" time="0.016" classname="basicconcepts.org.Parallel3"/>
  <testcase name="tc2000" time="0.016" classname="basicconcepts.org.Parallel3"/>
</testsuite> <!-- basicconcepts.org.Parallel3 -->
