<?xml version="1.0" encoding="UTF-8"?>
<!-- Generated by org.testng.reporters.JUnitReportReporter -->
<testsuite hostname="DESKTOP-ULDA8M1" name="basicconcepts.org.Test3" tests="3" failures="0" timestamp="15 Nov 2022 07:08:32 GMT" time="0.023" errors="0">
  <testcase name="tc1" time="0.014" classname="basicconcepts.org.Test3"/>
  <testcase name="tc3" time="0.006" classname="basicconcepts.org.Test3"/>
  <testcase name="tc2" time="0.003" classname="basicconcepts.org.Test3"/>
</testsuite> <!-- basicconcepts.org.Test3 -->
