<?xml version="1.0" encoding="UTF-8"?>
<!-- Generated by org.testng.reporters.JUnitReportReporter -->
<testsuite hostname="DESKTOP-ULDA8M1" name="basicconcepts.org.Test4" tests="3" failures="0" timestamp="15 Nov 2022 07:08:32 GMT" time="0.014" errors="0">
  <testcase name="tc200" time="0.005" classname="basicconcepts.org.Test4"/>
  <testcase name="tc300" time="0.005" classname="basicconcepts.org.Test4"/>
  <testcase name="tc100" time="0.004" classname="basicconcepts.org.Test4"/>
</testsuite> <!-- basicconcepts.org.Test4 -->
