<?xml version="1.0" encoding="UTF-8"?>
<!-- Generated by org.testng.reporters.JUnitReportReporter -->
<testsuite hostname="DESKTOP-ULDA8M1" name="basicconcepts.org.Test2" tests="12" failures="0" timestamp="14 Nov 2022 13:01:56 GMT" time="0.033" errors="0">
  <testcase name="tc2" time="0.002" classname="basicconcepts.org.Test2"/>
  <testcase name="tc7" time="0.002" classname="basicconcepts.org.Test2"/>
  <testcase name="tc1" time="0.001" classname="basicconcepts.org.Test2"/>
  <testcase name="tc3" time="0.013" classname="basicconcepts.org.Test2"/>
  <testcase name="tc4" time="0.001" classname="basicconcepts.org.Test2"/>
  <testcase name="tc8" time="0.002" classname="basicconcepts.org.Test2"/>
  <testcase name="tc1" time="0.002" classname="basicconcepts.org.Test2"/>
  <testcase name="tc7" time="0.002" classname="basicconcepts.org.Test2"/>
  <testcase name="tc1" time="0.002" classname="basicconcepts.org.Test2"/>
  <testcase name="tc1" time="0.002" classname="basicconcepts.org.Test2"/>
  <testcase name="tc7" time="0.002" classname="basicconcepts.org.Test2"/>
  <testcase name="tc6" time="0.002" classname="basicconcepts.org.Test2"/>
</testsuite> <!-- basicconcepts.org.Test2 -->
