<?xml version="1.0" encoding="UTF-8"?>
<!-- Generated by org.testng.reporters.JUnitReportReporter -->
<testsuite hostname="DESKTOP-ULDA8M1" name="basicconcepts.org.Test1" tests="8" failures="0" timestamp="14 Nov 2022 12:51:59 GMT" time="0.064" errors="0">
  <testcase name="tc3" time="0.019" classname="basicconcepts.org.Test1"/>
  <testcase name="tc5" time="0.003" classname="basicconcepts.org.Test1"/>
  <testcase name="tc2" time="0.002" classname="basicconcepts.org.Test1"/>
  <testcase name="tc6" time="0.007" classname="basicconcepts.org.Test1"/>
  <testcase name="tc1" time="0.003" classname="basicconcepts.org.Test1"/>
  <testcase name="tc4" time="0.008" classname="basicconcepts.org.Test1"/>
  <testcase name="tc8" time="0.003" classname="basicconcepts.org.Test1"/>
  <testcase name="tc7" time="0.019" classname="basicconcepts.org.Test1"/>
</testsuite> <!-- basicconcepts.org.Test1 -->
