<?xml version="1.0" encoding="UTF-8"?>
<!-- Generated by org.testng.reporters.JUnitReportReporter -->
<testsuite hostname="DESKTOP-ULDA8M1" name="basicconcepts.org.Data" tests="4" failures="0" timestamp="15 Nov 2022 12:03:20 GMT" time="31.109" errors="0">
  <testcase name="tcl" time="8.775" classname="basicconcepts.org.Data"/>
  <testcase name="tcl" time="6.920" classname="basicconcepts.org.Data"/>
  <testcase name="tcl" time="8.716" classname="basicconcepts.org.Data"/>
  <testcase name="tcl" time="6.698" classname="basicconcepts.org.Data"/>
</testsuite> <!-- basicconcepts.org.Data -->
