<?xml version="1.0" encoding="UTF-8"?>
<!-- Generated by org.testng.reporters.JUnitReportReporter -->
<testsuite hostname="DESKTOP-ULDA8M1" name="basicconcepts.org.Browser" tests="3" failures="0" timestamp="15 Nov 2022 13:05:14 GMT" time="82.237" errors="0">
  <testcase name="tc1" time="27.492" classname="basicconcepts.org.Browser"/>
  <testcase name="tc1" time="15.343" classname="basicconcepts.org.Browser"/>
  <testcase name="tc1" time="39.402" classname="basicconcepts.org.Browser"/>
</testsuite> <!-- basicconcepts.org.Browser -->
