<?xml version="1.0" encoding="UTF-8"?>
<!-- Generated by org.testng.reporters.JUnitReportReporter -->
<testsuite hostname="DESKTOP-ULDA8M1" name="basicconcepts.org.Parallel1" tests="3" failures="0" timestamp="15 Nov 2022 12:17:48 GMT" time="0.031" errors="0">
  <testcase name="tc2" time="0.016" classname="basicconcepts.org.Parallel1"/>
  <testcase name="tc3" time="0.000" classname="basicconcepts.org.Parallel1"/>
  <testcase name="tc1" time="0.015" classname="basicconcepts.org.Parallel1"/>
</testsuite> <!-- basicconcepts.org.Parallel1 -->
