<?xml version="1.0" encoding="UTF-8"?>
<!-- Generated by org.testng.reporters.JUnitReportReporter -->
<testsuite hostname="DESKTOP-ULDA8M1" name="basicconcepts.org.Test6" tests="1" failures="0" timestamp="15 Nov 2022 11:10:08 GMT" time="0.508" errors="0">
  <testcase name="test" time="0.508" classname="basicconcepts.org.Test6"/>
</testsuite> <!-- basicconcepts.org.Test6 -->
