<?xml version="1.0" encoding="UTF-8"?>
<!-- Generated by org.testng.reporters.JUnitReportReporter -->
<testsuite hostname="DESKTOP-ULDA8M1" name="basicconcepts.org.Parallel2" tests="3" failures="0" timestamp="15 Nov 2022 12:17:48 GMT" time="0.015" errors="0">
  <testcase name="tc100" time="0.015" classname="basicconcepts.org.Parallel2"/>
  <testcase name="tc300" time="0.000" classname="basicconcepts.org.Parallel2"/>
  <testcase name="tc200" time="0.000" classname="basicconcepts.org.Parallel2"/>
</testsuite> <!-- basicconcepts.org.Parallel2 -->
