<?xml version="1.0" encoding="UTF-8"?>
<!-- Generated by org.testng.reporters.JUnitReportReporter -->
<testsuite hostname="DESKTOP-ULDA8M1" name="basicconcepts.org.Test5" tests="3" failures="0" timestamp="15 Nov 2022 07:08:32 GMT" time="0.010" errors="0">
  <testcase name="tc1000" time="0.002" classname="basicconcepts.org.Test5"/>
  <testcase name="tc3000" time="0.006" classname="basicconcepts.org.Test5"/>
  <testcase name="tc2000" time="0.002" classname="basicconcepts.org.Test5"/>
</testsuite> <!-- basicconcepts.org.Test5 -->
